# RA-3 physics log
   0,00  === INIT === addrs: kontr=91D5B05 loc_ptr=74AEA0 rev_ptr=74B28C spd_ptr=74B41C
   0,00  === PHYSICS ON ===
   0,00  === WRITE TO LOC36 ENABLED ===
   0,02  === RA3 BOOSTER ON === scale=0,0080 limit=120
  10,00  k=  0 v=   0,00 rev=  0 | rpm= 788,1 Mo=      0,0 F=       0,0 | silat before=       0,0 want=       0,0 after=       0,0 | y_gt=0,000 y_gm=0,000 y_gb=0,000 gt_mode=F write=T | F_adh= 138321,0 slip=F sand=F
  10,89  k=  0 v=   0,00 rev=  0 | rpm= 800,1 Mo=      0,0 F=       0,0 | silat before=       0,0 want=       0,0 after=       0,0 | y_gt=0,000 y_gm=0,000 y_gb=0,000 gt_mode=F write=T | F_adh= 138321,0 slip=F sand=F
  11,00  k=  0 v=   0,00 rev=  0 | rpm= 804,6 Mo=      0,0 F=       0,0 | silat before=       0,0 want=       0,0 after=       0,0 | y_gt=0,000 y_gm=0,000 y_gb=0,000 gt_mode=F write=T | F_adh= 138321,0 slip=F sand=F
  12,69  k=  0 v=   0,00 rev=  0 | rpm= 799,5 Mo=      0,0 F=       0,0 | silat before=       0,0 want=       0,0 after=       0,0 | y_gt=0,000 y_gm=0,000 y_gb=0,000 gt_mode=F write=T | F_adh= 138321,0 slip=F sand=F
  12,80  k=  0 v=   0,00 rev=  0 | rpm= 798,3 Mo=      0,0 F=       0,0 | silat before=       0,0 want=       0,0 after=       0,0 | y_gt=0,000 y_gm=0,000 y_gb=0,000 gt_mode=F write=T | F_adh= 138321,0 slip=F sand=F
  12,91  k=  0 v=   0,00 rev=  0 | rpm= 800,5 Mo=      0,0 F=       0,0 | silat before=       0,0 want=       0,0 after=       0,0 | y_gt=0,000 y_gm=0,000 y_gb=0,000 gt_mode=F write=T | F_adh= 138321,0 slip=F sand=F
  13,02  k=  0 v=   0,00 rev=  0 | rpm= 800,6 Mo=      0,0 F=       0,0 | silat before=       0,0 want=       0,0 after=       0,0 | y_gt=0,000 y_gm=0,000 y_gb=0,000 gt_mode=F write=T | F_adh= 138321,0 slip=F sand=F
  13,13  k=  0 v=   0,00 rev=  0 | rpm= 799,7 Mo=      0,0 F=       0,0 | silat before=       0,0 want=       0,0 after=       0,0 | y_gt=0,000 y_gm=0,000 y_gb=0,000 gt_mode=F write=T | F_adh= 138321,0 slip=F sand=F
  13,23  k=  0 v=   0,00 rev=  0 | rpm= 799,8 Mo=      0,0 F=       0,0 | silat before=       0,0 want=       0,0 after=       0,0 | y_gt=0,000 y_gm=0,000 y_gb=0,000 gt_mode=F write=T | F_adh= 138321,0 slip=F sand=F
  13,34  k=  0 v=   0,00 rev=  0 | rpm= 800,1 Mo=      0,0 F=       0,0 | silat before=       0,0 want=       0,0 after=       0,0 | y_gt=0,000 y_gm=0,000 y_gb=0,000 gt_mode=F write=T | F_adh= 138321,0 slip=F sand=F
  13,45  k=  0 v=   0,00 rev=  0 | rpm= 800,0 Mo=      0,0 F=       0,0 | silat before=       0,0 want=       0,0 after=       0,0 | y_gt=0,000 y_gm=0,000 y_gb=0,000 gt_mode=F write=T | F_adh= 138321,0 slip=F sand=F
  13,56  k=  0 v=   0,00 rev=  0 | rpm= 799,9 Mo=      0,0 F=       0,0 | silat before=       0,0 want=       0,0 after=       0,0 | y_gt=0,000 y_gm=0,000 y_gb=0,000 gt_mode=F write=T | F_adh= 138321,0 slip=F sand=F
  13,67  k=  0 v=   0,00 rev=  0 | rpm= 800,0 Mo=      0,0 F=       0,0 | silat before=       0,0 want=       0,0 after=       0,0 | y_gt=0,000 y_gm=0,000 y_gb=0,000 gt_mode=F write=T | F_adh= 138321,0 slip=F sand=F
  13,78  k=  0 v=   0,00 rev=  0 | rpm= 800,0 Mo=      0,0 F=       0,0 | silat before=       0,0 want=       0,0 after=       0,0 | y_gt=0,000 y_gm=0,000 y_gb=0,000 gt_mode=F write=T | F_adh= 138321,0 slip=F sand=F
  13,89  k=  0 v=   0,00 rev=  0 | rpm= 800,0 Mo=      0,0 F=       0,0 | silat before=       0,0 want=       0,0 after=       0,0 | y_gt=0,000 y_gm=0,000 y_gb=0,000 gt_mode=F write=T | F_adh= 138321,0 slip=F sand=F
  14,00  k=  0 v=   0,00 rev=  0 | rpm= 800,0 Mo=      0,0 F=       0,0 | silat before=       0,0 want=       0,0 after=       0,0 | y_gt=0,000 y_gm=0,000 y_gb=0,000 gt_mode=F write=T | F_adh= 138321,0 slip=F sand=F
  14,11  k=  0 v=   0,00 rev=  0 | rpm= 800,0 Mo=      0,0 F=       0,0 | silat before=       0,0 want=       0,0 after=       0,0 | y_gt=0,000 y_gm=0,000 y_gb=0,000 gt_mode=F write=T | F_adh= 138321,0 slip=F sand=F
  14,22  k=  0 v=   0,00 rev=  0 | rpm= 800,0 Mo=      0,0 F=       0,0 | silat before=       0,0 want=       0,0 after=       0,0 | y_gt=0,000 y_gm=0,000 y_gb=0,000 gt_mode=F write=T | F_adh= 138321,0 slip=F sand=F
  14,33  k=  0 v=   0,00 rev=  0 | rpm= 800,0 Mo=      0,0 F=       0,0 | silat before=       0,0 want=       0,0 after=       0,0 | y_gt=0,000 y_gm=0,000 y_gb=0,000 gt_mode=F write=T | F_adh= 138321,0 slip=F sand=F
  14,44  k=  0 v=   0,00 rev=  0 | rpm= 800,0 Mo=      0,0 F=       0,0 | silat before=       0,0 want=       0,0 after=       0,0 | y_gt=0,000 y_gm=0,000 y_gb=0,000 gt_mode=F write=T | F_adh= 138321,0 slip=F sand=F
  14,55  k=  0 v=   0,00 rev=  0 | rpm= 800,0 Mo=      0,0 F=       0,0 | silat before=       0,0 want=       0,0 after=       0,0 | y_gt=0,000 y_gm=0,000 y_gb=0,000 gt_mode=F write=T | F_adh= 138321,0 slip=F sand=F
  14,66  k=  0 v=   0,00 rev=  0 | rpm= 800,0 Mo=      0,0 F=       0,0 | silat before=       0,0 want=       0,0 after=       0,0 | y_gt=0,000 y_gm=0,000 y_gb=0,000 gt_mode=F write=T | F_adh= 138321,0 slip=F sand=F
  14,78  k=  0 v=   0,00 rev=  0 | rpm= 800,0 Mo=      0,0 F=       0,0 | silat before=       0,0 want=       0,0 after=       0,0 | y_gt=0,000 y_gm=0,000 y_gb=0,000 gt_mode=F write=T | F_adh= 138321,0 slip=F sand=F
  14,89  k=  0 v=   0,00 rev=  0 | rpm= 800,0 Mo=      0,0 F=       0,0 | silat before=       0,0 want=       0,0 after=       0,0 | y_gt=0,000 y_gm=0,000 y_gb=0,000 gt_mode=F write=T | F_adh= 138321,0 slip=F sand=F
  15,00  k=  0 v=   0,00 rev=  0 | rpm= 800,0 Mo=      0,0 F=       0,0 | silat before=       0,0 want=       0,0 after=       0,0 | y_gt=0,000 y_gm=0,000 y_gb=0,000 gt_mode=F write=T | F_adh= 138321,0 slip=F sand=F
  15,11  k=  0 v=   0,00 rev=  0 | rpm= 800,0 Mo=      0,0 F=       0,0 | silat before=       0,0 want=       0,0 after=       0,0 | y_gt=0,000 y_gm=0,000 y_gb=0,000 gt_mode=F write=T | F_adh= 138321,0 slip=F sand=F
  15,22  k=  0 v=   0,00 rev=  0 | rpm= 800,0 Mo=      0,0 F=       0,0 | silat before=       0,0 want=       0,0 after=       0,0 | y_gt=0,000 y_gm=0,000 y_gb=0,000 gt_mode=F write=T | F_adh= 138321,0 slip=F sand=F
  15,33  k=  0 v=   0,00 rev=  0 | rpm= 800,0 Mo=      0,0 F=       0,0 | silat before=       0,0 want=       0,0 after=       0,0 | y_gt=0,000 y_gm=0,000 y_gb=0,000 gt_mode=F write=T | F_adh= 138321,0 slip=F sand=F
  15,44  k=  0 v=   0,00 rev=  0 | rpm= 800,0 Mo=      0,0 F=       0,0 | silat before=       0,0 want=       0,0 after=       0,0 | y_gt=0,000 y_gm=0,000 y_gb=0,000 gt_mode=F write=T | F_adh= 138321,0 slip=F sand=F
  15,55  k=  0 v=   0,00 rev=  0 | rpm= 800,0 Mo=      0,0 F=       0,0 | silat before=       0,0 want=       0,0 after=       0,0 | y_gt=0,000 y_gm=0,000 y_gb=0,000 gt_mode=F write=T | F_adh= 138321,0 slip=F sand=F
  15,67  k=  0 v=   0,00 rev=  0 | rpm= 800,0 Mo=      0,0 F=       0,0 | silat before=       0,0 want=       0,0 after=       0,0 | y_gt=0,000 y_gm=0,000 y_gb=0,000 gt_mode=F write=T | F_adh= 138321,0 slip=F sand=F
  15,78  k=  0 v=   0,00 rev=  0 | rpm= 800,0 Mo=      0,0 F=       0,0 | silat before=       0,0 want=       0,0 after=       0,0 | y_gt=0,000 y_gm=0,000 y_gb=0,000 gt_mode=F write=T | F_adh= 138321,0 slip=F sand=F
  15,89  k=  0 v=   0,00 rev=  0 | rpm= 800,0 Mo=      0,0 F=       0,0 | silat before=       0,0 want=       0,0 after=       0,0 | y_gt=0,000 y_gm=0,000 y_gb=0,000 gt_mode=F write=T | F_adh= 138321,0 slip=F sand=F
  16,00  k=  0 v=   0,00 rev=  0 | rpm= 800,0 Mo=      0,0 F=       0,0 | silat before=       0,0 want=       0,0 after=       0,0 | y_gt=0,000 y_gm=0,000 y_gb=0,000 gt_mode=F write=T | F_adh= 138321,0 slip=F sand=F
  16,11  k=  0 v=   0,00 rev=  0 | rpm= 800,0 Mo=      0,0 F=       0,0 | silat before=       0,0 want=       0,0 after=       0,0 | y_gt=0,000 y_gm=0,000 y_gb=0,000 gt_mode=F write=T | F_adh= 138321,0 slip=F sand=F
  16,22  k=  0 v=   0,00 rev=  0 | rpm= 800,0 Mo=      0,0 F=       0,0 | silat before=       0,0 want=       0,0 after=       0,0 | y_gt=0,000 y_gm=0,000 y_gb=0,000 gt_mode=F write=T | F_adh= 138321,0 slip=F sand=F
  16,33  k=  0 v=   0,00 rev=  0 | rpm= 800,0 Mo=      0,0 F=       0,0 | silat before=       0,0 want=       0,0 after=       0,0 | y_gt=0,000 y_gm=0,000 y_gb=0,000 gt_mode=F write=T | F_adh= 138321,0 slip=F sand=F
  16,44  k=  0 v=   0,00 rev=  0 | rpm= 800,0 Mo=      0,0 F=       0,0 | silat before=       0,0 want=       0,0 after=       0,0 | y_gt=0,000 y_gm=0,000 y_gb=0,000 gt_mode=F write=T | F_adh= 138321,0 slip=F sand=F
  16,55  k=  0 v=   0,00 rev=  0 | rpm= 800,0 Mo=      0,0 F=       0,0 | silat before=       0,0 want=       0,0 after=       0,0 | y_gt=0,000 y_gm=0,000 y_gb=0,000 gt_mode=F write=T | F_adh= 138321,0 slip=F sand=F
  16,66  k=  0 v=   0,00 rev=  0 | rpm= 800,0 Mo=      0,0 F=       0,0 | silat before=       0,0 want=       0,0 after=       0,0 | y_gt=0,000 y_gm=0,000 y_gb=0,000 gt_mode=F write=T | F_adh= 138321,0 slip=F sand=F
  16,78  k=  0 v=   0,00 rev=  0 | rpm= 800,0 Mo=      0,0 F=       0,0 | silat before=       0,0 want=       0,0 after=       0,0 | y_gt=0,000 y_gm=0,000 y_gb=0,000 gt_mode=F write=T | F_adh= 138321,0 slip=F sand=F
  16,89  k=  0 v=   0,00 rev=  0 | rpm= 800,0 Mo=      0,0 F=       0,0 | silat before=       0,0 want=       0,0 after=       0,0 | y_gt=0,000 y_gm=0,000 y_gb=0,000 gt_mode=F write=T | F_adh= 138321,0 slip=F sand=F
  17,00  k=  0 v=   0,00 rev=  0 | rpm= 800,0 Mo=      0,0 F=       0,0 | silat before=       0,0 want=       0,0 after=       0,0 | y_gt=0,000 y_gm=0,000 y_gb=0,000 gt_mode=F write=T | F_adh= 138321,0 slip=F sand=F
  17,11  k=  0 v=   0,00 rev=  0 | rpm= 800,0 Mo=      0,0 F=       0,0 | silat before=       0,0 want=       0,0 after=       0,0 | y_gt=0,000 y_gm=0,000 y_gb=0,000 gt_mode=F write=T | F_adh= 138321,0 slip=F sand=F
  17,22  k=  0 v=   0,00 rev=  0 | rpm= 800,0 Mo=      0,0 F=       0,0 | silat before=       0,0 want=       0,0 after=       0,0 | y_gt=0,000 y_gm=0,000 y_gb=0,000 gt_mode=F write=T | F_adh= 138321,0 slip=F sand=F
  17,33  k=  0 v=   0,00 rev=  0 | rpm= 800,0 Mo=      0,0 F=       0,0 | silat before=       0,0 want=       0,0 after=       0,0 | y_gt=0,000 y_gm=0,000 y_gb=0,000 gt_mode=F write=T | F_adh= 138321,0 slip=F sand=F
  17,44  k=  0 v=   0,00 rev=  0 | rpm= 800,0 Mo=      0,0 F=       0,0 | silat before=       0,0 want=       0,0 after=       0,0 | y_gt=0,000 y_gm=0,000 y_gb=0,000 gt_mode=F write=T | F_adh= 138321,0 slip=F sand=F
  17,55  k=  0 v=   0,00 rev=  0 | rpm= 800,0 Mo=      0,0 F=       0,0 | silat before=       0,0 want=       0,0 after=       0,0 | y_gt=0,000 y_gm=0,000 y_gb=0,000 gt_mode=F write=T | F_adh= 138321,0 slip=F sand=F
  17,66  k=  0 v=   0,00 rev=  0 | rpm= 800,0 Mo=      0,0 F=       0,0 | silat before=       0,0 want=       0,0 after=       0,0 | y_gt=0,000 y_gm=0,000 y_gb=0,000 gt_mode=F write=T | F_adh= 138321,0 slip=F sand=F
  17,77  k=  0 v=   0,00 rev=  0 | rpm= 800,0 Mo=      0,0 F=       0,0 | silat before=       0,0 want=       0,0 after=       0,0 | y_gt=0,000 y_gm=0,000 y_gb=0,000 gt_mode=F write=T | F_adh= 138321,0 slip=F sand=F
  17,88  k=  0 v=   0,00 rev=  0 | rpm= 800,0 Mo=      0,0 F=       0,0 | silat before=       0,0 want=       0,0 after=       0,0 | y_gt=0,000 y_gm=0,000 y_gb=0,000 gt_mode=F write=T | F_adh= 138321,0 slip=F sand=F
  18,00  k=  0 v=   0,00 rev=  0 | rpm= 800,0 Mo=      0,0 F=       0,0 | silat before=       0,0 want=       0,0 after=       0,0 | y_gt=0,000 y_gm=0,000 y_gb=0,000 gt_mode=F write=T | F_adh= 138321,0 slip=F sand=F
  18,11  k=  0 v=   0,00 rev=  0 | rpm= 800,0 Mo=      0,0 F=       0,0 | silat before=       0,0 want=       0,0 after=       0,0 | y_gt=0,000 y_gm=0,000 y_gb=0,000 gt_mode=F write=T | F_adh= 138321,0 slip=F sand=F
  18,22  k=  0 v=   0,00 rev=  0 | rpm= 800,0 Mo=      0,0 F=       0,0 | silat before=       0,0 want=       0,0 after=       0,0 | y_gt=0,000 y_gm=0,000 y_gb=0,000 gt_mode=F write=T | F_adh= 138321,0 slip=F sand=F
  18,33  k=  0 v=   0,00 rev=  0 | rpm= 800,0 Mo=      0,0 F=       0,0 | silat before=       0,0 want=       0,0 after=       0,0 | y_gt=0,000 y_gm=0,000 y_gb=0,000 gt_mode=F write=T | F_adh= 138321,0 slip=F sand=F
  18,44  k=  0 v=   0,00 rev=  0 | rpm= 800,0 Mo=      0,0 F=       0,0 | silat before=       0,0 want=       0,0 after=       0,0 | y_gt=0,000 y_gm=0,000 y_gb=0,000 gt_mode=F write=T | F_adh= 138321,0 slip=F sand=F
  18,55  k=  0 v=   0,00 rev=  0 | rpm= 800,0 Mo=      0,0 F=       0,0 | silat before=       0,0 want=       0,0 after=       0,0 | y_gt=0,000 y_gm=0,000 y_gb=0,000 gt_mode=F write=T | F_adh= 138321,0 slip=F sand=F
  18,66  k=  0 v=   0,00 rev=  0 | rpm= 800,0 Mo=      0,0 F=       0,0 | silat before=       0,0 want=       0,0 after=       0,0 | y_gt=0,000 y_gm=0,000 y_gb=0,000 gt_mode=F write=T | F_adh= 138321,0 slip=F sand=F
  18,78  k=  0 v=   0,00 rev=  0 | rpm= 800,0 Mo=      0,0 F=       0,0 | silat before=       0,0 want=       0,0 after=       0,0 | y_gt=0,000 y_gm=0,000 y_gb=0,000 gt_mode=F write=T | F_adh= 138321,0 slip=F sand=F
  18,89  k=  0 v=   0,00 rev=  0 | rpm= 800,0 Mo=      0,0 F=       0,0 | silat before=       0,0 want=       0,0 after=       0,0 | y_gt=0,000 y_gm=0,000 y_gb=0,000 gt_mode=F write=T | F_adh= 138321,0 slip=F sand=F
  19,00  k=  0 v=   0,00 rev=  0 | rpm= 800,0 Mo=      0,0 F=       0,0 | silat before=       0,0 want=       0,0 after=       0,0 | y_gt=0,000 y_gm=0,000 y_gb=0,000 gt_mode=F write=T | F_adh= 138321,0 slip=F sand=F
  19,11  k=  0 v=   0,00 rev=  0 | rpm= 800,0 Mo=      0,0 F=       0,0 | silat before=       0,0 want=       0,0 after=       0,0 | y_gt=0,000 y_gm=0,000 y_gb=0,000 gt_mode=F write=T | F_adh= 138321,0 slip=F sand=F
  19,22  k=  0 v=   0,00 rev=  0 | rpm= 800,0 Mo=      0,0 F=       0,0 | silat before=       0,0 want=       0,0 after=       0,0 | y_gt=0,000 y_gm=0,000 y_gb=0,000 gt_mode=F write=T | F_adh= 138321,0 slip=F sand=F
  19,33  k=  0 v=   0,00 rev=  0 | rpm= 800,0 Mo=      0,0 F=       0,0 | silat before=       0,0 want=       0,0 after=       0,0 | y_gt=0,000 y_gm=0,000 y_gb=0,000 gt_mode=F write=T | F_adh= 138321,0 slip=F sand=F
  19,44  k=  0 v=   0,00 rev=  0 | rpm= 800,0 Mo=      0,0 F=       0,0 | silat before=       0,0 want=       0,0 after=       0,0 | y_gt=0,000 y_gm=0,000 y_gb=0,000 gt_mode=F write=T | F_adh= 138321,0 slip=F sand=F
  19,55  k=  0 v=   0,00 rev=  0 | rpm= 800,0 Mo=      0,0 F=       0,0 | silat before=       0,0 want=       0,0 after=       0,0 | y_gt=0,000 y_gm=0,000 y_gb=0,000 gt_mode=F write=T | F_adh= 138321,0 slip=F sand=F
  19,66  k=  0 v=   0,00 rev=  0 | rpm= 800,0 Mo=      0,0 F=       0,0 | silat before=       0,0 want=       0,0 after=       0,0 | y_gt=0,000 y_gm=0,000 y_gb=0,000 gt_mode=F write=T | F_adh= 138321,0 slip=F sand=F
  19,77  k=  0 v=   0,00 rev=  0 | rpm= 800,0 Mo=      0,0 F=       0,0 | silat before=       0,0 want=       0,0 after=       0,0 | y_gt=0,000 y_gm=0,000 y_gb=0,000 gt_mode=F write=T | F_adh= 138321,0 slip=F sand=F
  19,88  k=  0 v=   0,00 rev=  0 | rpm= 800,0 Mo=      0,0 F=       0,0 | silat before=       0,0 want=       0,0 after=       0,0 | y_gt=0,000 y_gm=0,000 y_gb=0,000 gt_mode=F write=T | F_adh= 138321,0 slip=F sand=F
  19,98  k=  0 v=   0,00 rev=  0 | rpm= 800,0 Mo=      0,0 F=       0,0 | silat before=       0,0 want=       0,0 after=       0,0 | y_gt=0,000 y_gm=0,000 y_gb=0,000 gt_mode=F write=T | F_adh= 138321,0 slip=F sand=F
  20,09  k=  0 v=   0,00 rev=  0 | rpm= 800,0 Mo=      0,0 F=       0,0 | silat before=       0,0 want=       0,0 after=       0,0 | y_gt=0,000 y_gm=0,000 y_gb=0,000 gt_mode=F write=T | F_adh= 138321,0 slip=F sand=F
  20,20  k=  0 v=   0,00 rev=  0 | rpm= 800,0 Mo=      0,0 F=       0,0 | silat before=       0,0 want=       0,0 after=       0,0 | y_gt=0,000 y_gm=0,000 y_gb=0,000 gt_mode=F write=T | F_adh= 138321,0 slip=F sand=F
  20,31  k=  0 v=   0,00 rev=  0 | rpm= 800,0 Mo=      0,0 F=       0,0 | silat before=       0,0 want=       0,0 after=       0,0 | y_gt=0,000 y_gm=0,000 y_gb=0,000 gt_mode=F write=T | F_adh= 138321,0 slip=F sand=F
  20,42  k=  0 v=   0,00 rev=  0 | rpm= 800,0 Mo=      0,0 F=       0,0 | silat before=       0,0 want=       0,0 after=       0,0 | y_gt=0,000 y_gm=0,000 y_gb=0,000 gt_mode=F write=T | F_adh= 138321,0 slip=F sand=F
  20,53  k=  0 v=   0,00 rev=  0 | rpm= 800,0 Mo=      0,0 F=       0,0 | silat before=       0,0 want=       0,0 after=       0,0 | y_gt=0,000 y_gm=0,000 y_gb=0,000 gt_mode=F write=T | F_adh= 138321,0 slip=F sand=F
  20,64  k=  0 v=   0,00 rev=  0 | rpm= 800,0 Mo=      0,0 F=       0,0 | silat before=       0,0 want=       0,0 after=       0,0 | y_gt=0,000 y_gm=0,000 y_gb=0,000 gt_mode=F write=T | F_adh= 138321,0 slip=F sand=F
  20,77  k=  0 v=   0,00 rev=  0 | rpm= 800,0 Mo=      0,0 F=       0,0 | silat before=       0,0 want=       0,0 after=       0,0 | y_gt=0,000 y_gm=0,000 y_gb=0,000 gt_mode=F write=T | F_adh= 138321,0 slip=F sand=F
  20,88  k=  0 v=   0,00 rev=  0 | rpm= 800,0 Mo=      0,0 F=       0,0 | silat before=       0,0 want=       0,0 after=       0,0 | y_gt=0,000 y_gm=0,000 y_gb=0,000 gt_mode=F write=T | F_adh= 138321,0 slip=F sand=F
  20,98  k=  0 v=   0,00 rev=  0 | rpm= 800,0 Mo=      0,0 F=       0,0 | silat before=       0,0 want=       0,0 after=       0,0 | y_gt=0,000 y_gm=0,000 y_gb=0,000 gt_mode=F write=T | F_adh= 138321,0 slip=F sand=F
  21,09  k=  0 v=   0,00 rev=  0 | rpm= 800,0 Mo=      0,0 F=       0,0 | silat before=       0,0 want=       0,0 after=       0,0 | y_gt=0,000 y_gm=0,000 y_gb=0,000 gt_mode=F write=T | F_adh= 138321,0 slip=F sand=F
  21,20  k=  0 v=   0,00 rev=  0 | rpm= 800,0 Mo=      0,0 F=       0,0 | silat before=       0,0 want=       0,0 after=       0,0 | y_gt=0,000 y_gm=0,000 y_gb=0,000 gt_mode=F write=T | F_adh= 138321,0 slip=F sand=F
  21,31  k=  0 v=   0,00 rev=  0 | rpm= 800,0 Mo=      0,0 F=       0,0 | silat before=       0,0 want=       0,0 after=       0,0 | y_gt=0,000 y_gm=0,000 y_gb=0,000 gt_mode=F write=T | F_adh= 138321,0 slip=F sand=F
  21,42  k=  0 v=   0,00 rev=  0 | rpm= 800,0 Mo=      0,0 F=       0,0 | silat before=       0,0 want=       0,0 after=       0,0 | y_gt=0,000 y_gm=0,000 y_gb=0,000 gt_mode=F write=T | F_adh= 138321,0 slip=F sand=F
  21,53  k=  0 v=   0,00 rev=  0 | rpm= 800,0 Mo=      0,0 F=       0,0 | silat before=       0,0 want=       0,0 after=       0,0 | y_gt=0,000 y_gm=0,000 y_gb=0,000 gt_mode=F write=T | F_adh= 138321,0 slip=F sand=F
  21,64  k=  0 v=   0,00 rev=  0 | rpm= 800,0 Mo=      0,0 F=       0,0 | silat before=       0,0 want=       0,0 after=       0,0 | y_gt=0,000 y_gm=0,000 y_gb=0,000 gt_mode=F write=T | F_adh= 138321,0 slip=F sand=F
  21,75  k=  0 v=   0,00 rev=  0 | rpm= 800,0 Mo=      0,0 F=       0,0 | silat before=       0,0 want=       0,0 after=       0,0 | y_gt=0,000 y_gm=0,000 y_gb=0,000 gt_mode=F write=T | F_adh= 138321,0 slip=F sand=F
  21,86  k=  0 v=   0,00 rev=  0 | rpm= 800,0 Mo=      0,0 F=       0,0 | silat before=       0,0 want=       0,0 after=       0,0 | y_gt=0,000 y_gm=0,000 y_gb=0,000 gt_mode=F write=T | F_adh= 138321,0 slip=F sand=F
  21,97  k=  0 v=   0,00 rev=  0 | rpm= 800,0 Mo=      0,0 F=       0,0 | silat before=       0,0 want=       0,0 after=       0,0 | y_gt=0,000 y_gm=0,000 y_gb=0,000 gt_mode=F write=T | F_adh= 138321,0 slip=F sand=F
  22,08  k=  0 v=   0,00 rev=  0 | rpm= 800,0 Mo=      0,0 F=       0,0 | silat before=       0,0 want=       0,0 after=       0,0 | y_gt=0,000 y_gm=0,000 y_gb=0,000 gt_mode=F write=T | F_adh= 138321,0 slip=F sand=F
  22,19  k=  0 v=   0,00 rev=  0 | rpm= 800,0 Mo=      0,0 F=       0,0 | silat before=       0,0 want=       0,0 after=       0,0 | y_gt=0,000 y_gm=0,000 y_gb=0,000 gt_mode=F write=T | F_adh= 138321,0 slip=F sand=F
  22,30  k=  0 v=   0,00 rev=  0 | rpm= 800,0 Mo=      0,0 F=       0,0 | silat before=       0,0 want=       0,0 after=       0,0 | y_gt=0,000 y_gm=0,000 y_gb=0,000 gt_mode=F write=T | F_adh= 138321,0 slip=F sand=F
  22,41  k=  0 v=   0,00 rev=  0 | rpm= 800,0 Mo=      0,0 F=       0,0 | silat before=       0,0 want=       0,0 after=       0,0 | y_gt=0,000 y_gm=0,000 y_gb=0,000 gt_mode=F write=T | F_adh= 138321,0 slip=F sand=F
  22,52  k=  0 v=   0,00 rev=  0 | rpm= 800,0 Mo=      0,0 F=       0,0 | silat before=       0,0 want=       0,0 after=       0,0 | y_gt=0,000 y_gm=0,000 y_gb=0,000 gt_mode=F write=T | F_adh= 138321,0 slip=F sand=F
  22,63  k=  0 v=   0,00 rev=  0 | rpm= 800,0 Mo=      0,0 F=       0,0 | silat before=       0,0 want=       0,0 after=       0,0 | y_gt=0,000 y_gm=0,000 y_gb=0,000 gt_mode=F write=T | F_adh= 138321,0 slip=F sand=F
  22,73  k=  0 v=   0,00 rev=  0 | rpm= 800,0 Mo=      0,0 F=       0,0 | silat before=       0,0 want=       0,0 after=       0,0 | y_gt=0,000 y_gm=0,000 y_gb=0,000 gt_mode=F write=T | F_adh= 138321,0 slip=F sand=F
  22,84  k=  0 v=   0,00 rev=  0 | rpm= 800,0 Mo=      0,0 F=       0,0 | silat before=       0,0 want=       0,0 after=       0,0 | y_gt=0,000 y_gm=0,000 y_gb=0,000 gt_mode=F write=T | F_adh= 138321,0 slip=F sand=F
  22,95  k=  0 v=   0,00 rev=  0 | rpm= 800,0 Mo=      0,0 F=       0,0 | silat before=       0,0 want=       0,0 after=       0,0 | y_gt=0,000 y_gm=0,000 y_gb=0,000 gt_mode=F write=T | F_adh= 138321,0 slip=F sand=F
